SCORES FOR THE GROUP: GROUP RUN=1

Strict matching (boundaries + type)
cor	inc	par	mis	spu	total	prec	recall	F1
0	172	0	132	43	304	0	0	0



Exact matching
cor	inc	par	mis	spu	total	prec	recall	F1
131	41	0	132	43	304	0.61	0.43	0.5



Partial matching
cor	inc	par	mis	spu	total	prec	recall	F1
131	0	41	132	43	304	0.61	0.5	0.55



type matching
cor	inc	par	mis	spu	total	prec	recall	F1
0	172	0	132	43	304	0	0	0



SCORES FOR ENTITY TYPE
Exact matching on drug
cor	inc	par	mis	spu	total	prec	recall	F1
0	0	0	180	0	180	0	0	0


Exact matching on brand
cor	inc	par	mis	spu	total	prec	recall	F1
0	0	0	53	0	53	0	0	0


Exact matching on group
cor	inc	par	mis	spu	total	prec	recall	F1
0	0	0	65	0	65	0	0	0


Exact matching on drug_n
cor	inc	par	mis	spu	total	prec	recall	F1
0	0	0	6	0	6	0	0	0


MACRO-AVERAGE MEASURES:
P	R	F1
0	0	0
________________________________________________________________________

