task9.1_GROUP_1_SVM does not follow the convention file name for the task!

Strict matching (boundaries + type)
cor	inc	par	mis	spu	total	prec	recall	F1
0	187	0	499	31	686	0	0	0



Exact matching
cor	inc	par	mis	spu	total	prec	recall	F1
150	37	0	499	31	686	0.69	0.22	0.33



Partial matching
cor	inc	par	mis	spu	total	prec	recall	F1
150	0	37	499	31	686	0.69	0.25	0.36



type matching
cor	inc	par	mis	spu	total	prec	recall	F1
0	187	0	499	31	686	0	0	0



SCORES FOR ENTITY TYPE
Exact matching on drug
cor	inc	par	mis	spu	total	prec	recall	F1
0	0	0	351	0	351	0	0	0


Exact matching on brand
cor	inc	par	mis	spu	total	prec	recall	F1
0	0	0	59	0	59	0	0	0


Exact matching on group
cor	inc	par	mis	spu	total	prec	recall	F1
0	0	0	155	0	155	0	0	0


Exact matching on drug_n
cor	inc	par	mis	spu	total	prec	recall	F1
0	0	0	121	0	121	0	0	0


MACRO-AVERAGE MEASURES:
P	R	F1
0	0	0
________________________________________________________________________

